---------------------------------------------------------------
[ 2018-08-17T10:14:00+08:00 ] 127.0.0.1 GET /
[ info ] local.shangcheng.com/ [运行时间：0.722038s][吞吐率：1.38req/s] [内存消耗：1,317.32kb] [文件加载：48]
[ info ] [ LANG ] D:\www\shangcheng\thinkphp\lang\zh-cn.php
[ info ] [ ROUTE ] array (
  'type' => 'module',
  'module' => 
  array (
    0 => '',
    1 => NULL,
    2 => NULL,
  ),
)
[ info ] [ HEADER ] array (
  'upgrade-insecure-requests' => '1',
  'connection' => 'close',
  'accept-encoding' => 'gzip, deflate',
  'accept-language' => 'zh-CN,zh;q=0.8,zh-TW;q=0.7,zh-HK;q=0.5,en-US;q=0.3,en;q=0.2',
  'accept' => 'text/html,application/xhtml+xml,application/xml;q=0.9,*/*;q=0.8',
  'user-agent' => 'Mozilla/5.0 (Windows NT 10.0; Win64; x64; rv:60.0) Gecko/20100101 Firefox/60.0',
  'host' => 'local.shangcheng.com',
)
[ info ] [ PARAM ] array (
)
[ info ] [ SESSION ] INIT array (
  'id' => '',
  'var_session_id' => '',
  'prefix' => 'think',
  'type' => '',
  'auto_start' => true,
)
[ info ] [ LOG ] INIT File
---------------------------------------------------------------
[ 2018-08-17T10:14:00+08:00 ] 127.0.0.1 GET /admin/login/index.html
[ info ] local.shangcheng.com/admin/login/index.html [运行时间：0.150977s][吞吐率：6.62req/s] [内存消耗：1,315.47kb] [文件加载：47]
[ info ] [ LANG ] D:\www\shangcheng\thinkphp\lang\zh-cn.php
[ info ] [ ROUTE ] array (
  'type' => 'module',
  'module' => 
  array (
    0 => 'admin',
    1 => 'login',
    2 => 'index',
  ),
)
[ info ] [ HEADER ] array (
  'upgrade-insecure-requests' => '1',
  'connection' => 'close',
  'cookie' => 'PHPSESSID=4775f42fgahp1dflalg230fan5',
  'accept-encoding' => 'gzip, deflate',
  'accept-language' => 'zh-CN,zh;q=0.8,zh-TW;q=0.7,zh-HK;q=0.5,en-US;q=0.3,en;q=0.2',
  'accept' => 'text/html,application/xhtml+xml,application/xml;q=0.9,*/*;q=0.8',
  'user-agent' => 'Mozilla/5.0 (Windows NT 10.0; Win64; x64; rv:60.0) Gecko/20100101 Firefox/60.0',
  'host' => 'local.shangcheng.com',
)
[ info ] [ PARAM ] array (
  '/admin/login/index_html' => '',
)
[ info ] [ RUN ] app\admin\controller\Login->index[ D:\www\shangcheng\application\admin\controller\Login.php ]
[ info ] [ VIEW ] D:\www\shangcheng\public/../application/admin\view\login\index.html [ array (
) ]
[ info ] [ LOG ] INIT File
---------------------------------------------------------------
[ 2018-08-17T10:14:00+08:00 ] 127.0.0.1 GET /captcha.html
[ info ] local.shangcheng.com/captcha.html [运行时间：0.064172s][吞吐率：15.58req/s] [内存消耗：1,107.92kb] [文件加载：37]
[ info ] [ LANG ] D:\www\shangcheng\thinkphp\lang\zh-cn.php
[ info ] [ ROUTE ] array (
  'type' => 'method',
  'method' => 
  array (
    0 => '\\think\\captcha\\CaptchaController',
    1 => 'index',
  ),
  'var' => 
  array (
  ),
)
[ info ] [ HEADER ] array (
  'connection' => 'close',
  'cookie' => 'PHPSESSID=4775f42fgahp1dflalg230fan5',
  'referer' => 'http://local.shangcheng.com/admin/login/index.html',
  'accept-encoding' => 'gzip, deflate',
  'accept-language' => 'zh-CN,zh;q=0.8,zh-TW;q=0.7,zh-HK;q=0.5,en-US;q=0.3,en;q=0.2',
  'accept' => '*/*',
  'user-agent' => 'Mozilla/5.0 (Windows NT 10.0; Win64; x64; rv:60.0) Gecko/20100101 Firefox/60.0',
  'host' => 'local.shangcheng.com',
)
[ info ] [ PARAM ] array (
  '/captcha_html' => '',
  'id' => NULL,
)
[ info ] [ RUN ] think\captcha\CaptchaController->index[ D:\www\shangcheng\vendor\topthink\think-captcha\src\CaptchaController.php ]
[ info ] [ SESSION ] INIT array (
  'id' => '',
  'var_session_id' => '',
  'prefix' => 'think',
  'type' => '',
  'auto_start' => true,
)
[ info ] [ LOG ] INIT File
---------------------------------------------------------------
[ 2018-08-17T10:14:12+08:00 ] 127.0.0.1 GET /home/index/index.html
[ info ] local.shangcheng.com/home/index/index.html [运行时间：1.537525s][吞吐率：0.65req/s] [内存消耗：3,565.74kb] [文件加载：58]
[ info ] [ LANG ] D:\www\shangcheng\thinkphp\lang\zh-cn.php
[ info ] [ ROUTE ] array (
  'type' => 'module',
  'module' => 
  array (
    0 => 'home',
    1 => 'index',
    2 => 'index',
  ),
)
[ info ] [ HEADER ] array (
  'upgrade-insecure-requests' => '1',
  'connection' => 'close',
  'cookie' => 'PHPSESSID=4775f42fgahp1dflalg230fan5',
  'accept-encoding' => 'gzip, deflate',
  'accept-language' => 'zh-CN,zh;q=0.8,zh-TW;q=0.7,zh-HK;q=0.5,en-US;q=0.3,en;q=0.2',
  'accept' => 'text/html,application/xhtml+xml,application/xml;q=0.9,*/*;q=0.8',
  'user-agent' => 'Mozilla/5.0 (Windows NT 10.0; Win64; x64; rv:60.0) Gecko/20100101 Firefox/60.0',
  'host' => 'local.shangcheng.com',
)
[ info ] [ PARAM ] array (
  '/home/index/index_html' => '',
)
[ info ] [ DB ] INIT mysql
[ info ] [ RUN ] app\home\controller\Index->index[ D:\www\shangcheng\application\home\controller\Index.php ]
[ info ] [ VIEW ] D:\www\shangcheng\public/../application/home\view\index\index.html [ array (
  0 => 'cates',
) ]
[ info ] [ LOG ] INIT File
[ sql ] [ DB ] CONNECT:[ UseTime:1.049735s ] mysql:host=localhost;port=3306;dbname=tpshop;charset=utf8
[ sql ] [ SQL ] SHOW COLUMNS FROM `tpshop_category` [ RunTime:0.162976s ]
[ sql ] [ SQL ] SELECT * FROM `tpshop_category` [ RunTime:0.005174s ]
---------------------------------------------------------------
[ 2018-08-17T10:15:02+08:00 ] 127.0.0.1 GET /home/index/php_info.html
[ info ] local.shangcheng.com/home/index/php_info.html [运行时间：1.375729s][吞吐率：0.73req/s] [内存消耗：3,255.08kb] [文件加载：58]
[ info ] [ LANG ] D:\www\shangcheng\thinkphp\lang\zh-cn.php
[ info ] [ ROUTE ] array (
  'type' => 'module',
  'module' => 
  array (
    0 => 'home',
    1 => 'index',
    2 => 'php_info',
  ),
)
[ info ] [ HEADER ] array (
  'upgrade-insecure-requests' => '1',
  'connection' => 'close',
  'cookie' => 'PHPSESSID=4775f42fgahp1dflalg230fan5',
  'accept-encoding' => 'gzip, deflate',
  'accept-language' => 'zh-CN,zh;q=0.8,zh-TW;q=0.7,zh-HK;q=0.5,en-US;q=0.3,en;q=0.2',
  'accept' => 'text/html,application/xhtml+xml,application/xml;q=0.9,*/*;q=0.8',
  'user-agent' => 'Mozilla/5.0 (Windows NT 10.0; Win64; x64; rv:60.0) Gecko/20100101 Firefox/60.0',
  'host' => 'local.shangcheng.com',
)
[ info ] [ PARAM ] array (
  '/home/index/php_info_html' => '',
)
[ info ] [ DB ] INIT mysql
[ info ] [ LOG ] INIT File
[ sql ] [ DB ] CONNECT:[ UseTime:1.024121s ] mysql:host=localhost;port=3306;dbname=tpshop;charset=utf8
[ sql ] [ SQL ] SHOW COLUMNS FROM `tpshop_category` [ RunTime:0.070452s ]
[ sql ] [ SQL ] SELECT * FROM `tpshop_category` [ RunTime:0.003497s ]
---------------------------------------------------------------
[ 2018-08-17T10:15:14+08:00 ] 127.0.0.1 GET /home/goods/php_info
[ info ] local.shangcheng.com/home/goods/php_info [运行时间：1.149478s][吞吐率：0.87req/s] [内存消耗：3,300.37kb] [文件加载：55]
[ info ] [ LANG ] D:\www\shangcheng\thinkphp\lang\zh-cn.php
[ info ] [ ROUTE ] array (
  'type' => 'module',
  'module' => 
  array (
    0 => 'home',
    1 => 'goods',
    2 => 'php_info',
  ),
)
[ info ] [ HEADER ] array (
  'upgrade-insecure-requests' => '1',
  'connection' => 'close',
  'cookie' => 'PHPSESSID=4775f42fgahp1dflalg230fan5',
  'accept-encoding' => 'gzip, deflate',
  'accept-language' => 'zh-CN,zh;q=0.8,zh-TW;q=0.7,zh-HK;q=0.5,en-US;q=0.3,en;q=0.2',
  'accept' => 'text/html,application/xhtml+xml,application/xml;q=0.9,*/*;q=0.8',
  'user-agent' => 'Mozilla/5.0 (Windows NT 10.0; Win64; x64; rv:60.0) Gecko/20100101 Firefox/60.0',
  'host' => 'local.shangcheng.com',
)
[ info ] [ PARAM ] array (
  '/home/goods/php_info' => '',
)
[ info ] [ DB ] INIT mysql
[ info ] [ RUN ] app\home\controller\Goods->php_info[ D:\www\shangcheng\application\home\controller\Goods.php ]
[ info ] [ LOG ] INIT File
[ sql ] [ DB ] CONNECT:[ UseTime:1.013119s ] mysql:host=localhost;port=3306;dbname=tpshop;charset=utf8
[ sql ] [ SQL ] SHOW COLUMNS FROM `tpshop_category` [ RunTime:0.063603s ]
[ sql ] [ SQL ] SELECT * FROM `tpshop_category` [ RunTime:0.003461s ]
---------------------------------------------------------------
[ 2018-08-17T10:24:25+08:00 ] 127.0.0.1 GET /home/goods/php_info
[ info ] local.shangcheng.com/home/goods/php_info [运行时间：1.221628s][吞吐率：0.82req/s] [内存消耗：3,264.80kb] [文件加载：58]
[ info ] [ LANG ] D:\www\shangcheng\thinkphp\lang\zh-cn.php
[ info ] [ ROUTE ] array (
  'type' => 'module',
  'module' => 
  array (
    0 => 'home',
    1 => 'goods',
    2 => 'php_info',
  ),
)
[ info ] [ HEADER ] array (
  'cache-control' => 'max-age=0',
  'upgrade-insecure-requests' => '1',
  'connection' => 'close',
  'cookie' => 'PHPSESSID=4775f42fgahp1dflalg230fan5',
  'accept-encoding' => 'gzip, deflate',
  'accept-language' => 'zh-CN,zh;q=0.8,zh-TW;q=0.7,zh-HK;q=0.5,en-US;q=0.3,en;q=0.2',
  'accept' => 'text/html,application/xhtml+xml,application/xml;q=0.9,*/*;q=0.8',
  'user-agent' => 'Mozilla/5.0 (Windows NT 10.0; Win64; x64; rv:60.0) Gecko/20100101 Firefox/60.0',
  'host' => 'local.shangcheng.com',
)
[ info ] [ PARAM ] array (
  '/home/goods/php_info' => '',
)
[ info ] [ DB ] INIT mysql
[ info ] [ RUN ] app\home\controller\Goods->php_info[ D:\www\shangcheng\application\home\controller\Goods.php ]
[ info ] [ LOG ] INIT File
[ sql ] [ DB ] CONNECT:[ UseTime:1.017549s ] mysql:host=localhost;port=3306;dbname=tpshop;charset=utf8
[ sql ] [ SQL ] SHOW COLUMNS FROM `tpshop_category` [ RunTime:0.041925s ]
[ sql ] [ SQL ] SELECT * FROM `tpshop_category` [ RunTime:0.002401s ]
[ error ] [0]致命错误: Class 'app\home\controller\Redis' not found[D:\www\shangcheng\application\home\controller\Goods.php:111]
---------------------------------------------------------------
[ 2018-08-17T10:25:13+08:00 ] 127.0.0.1 GET /home/goods/php_info
[ info ] local.shangcheng.com/home/goods/php_info [运行时间：2.491776s][吞吐率：0.40req/s] [内存消耗：3,297.55kb] [文件加载：61]
[ info ] [ LANG ] D:\www\shangcheng\thinkphp\lang\zh-cn.php
[ info ] [ ROUTE ] array (
  'type' => 'module',
  'module' => 
  array (
    0 => 'home',
    1 => 'goods',
    2 => 'php_info',
  ),
)
[ info ] [ HEADER ] array (
  'cache-control' => 'max-age=0',
  'upgrade-insecure-requests' => '1',
  'connection' => 'close',
  'cookie' => 'PHPSESSID=4775f42fgahp1dflalg230fan5',
  'accept-encoding' => 'gzip, deflate',
  'accept-language' => 'zh-CN,zh;q=0.8,zh-TW;q=0.7,zh-HK;q=0.5,en-US;q=0.3,en;q=0.2',
  'accept' => 'text/html,application/xhtml+xml,application/xml;q=0.9,*/*;q=0.8',
  'user-agent' => 'Mozilla/5.0 (Windows NT 10.0; Win64; x64; rv:60.0) Gecko/20100101 Firefox/60.0',
  'host' => 'local.shangcheng.com',
)
[ info ] [ PARAM ] array (
  '/home/goods/php_info' => '',
)
[ info ] [ DB ] INIT mysql
[ info ] [ RUN ] app\home\controller\Goods->php_info[ D:\www\shangcheng\application\home\controller\Goods.php ]
[ info ] [ LOG ] INIT File
[ sql ] [ DB ] CONNECT:[ UseTime:1.003646s ] mysql:host=localhost;port=3306;dbname=tpshop;charset=utf8
[ sql ] [ SQL ] SHOW COLUMNS FROM `tpshop_category` [ RunTime:0.041463s ]
[ sql ] [ SQL ] SELECT * FROM `tpshop_category` [ RunTime:0.002112s ]
[ error ] [2]Redis::connect(): [D:\www\shangcheng\thinkphp\library\think\cache\driver\Redis.php:53]
---------------------------------------------------------------
[ 2018-08-17T10:27:57+08:00 ] 127.0.0.1 GET /home/goods/php_info
[ info ] local.shangcheng.com/home/goods/php_info [运行时间：0.033079s][吞吐率：30.23req/s] [内存消耗：1,090.50kb] [文件加载：40]
[ info ] [ LANG ] D:\www\shangcheng\thinkphp\lang\zh-cn.php
[ info ] [ ROUTE ] array (
  'type' => 'module',
  'module' => 
  array (
    0 => 'home',
    1 => 'goods',
    2 => 'php_info',
  ),
)
[ info ] [ HEADER ] array (
  'cache-control' => 'max-age=0',
  'upgrade-insecure-requests' => '1',
  'connection' => 'close',
  'cookie' => 'PHPSESSID=4775f42fgahp1dflalg230fan5',
  'accept-encoding' => 'gzip, deflate',
  'accept-language' => 'zh-CN,zh;q=0.8,zh-TW;q=0.7,zh-HK;q=0.5,en-US;q=0.3,en;q=0.2',
  'accept' => 'text/html,application/xhtml+xml,application/xml;q=0.9,*/*;q=0.8',
  'user-agent' => 'Mozilla/5.0 (Windows NT 10.0; Win64; x64; rv:60.0) Gecko/20100101 Firefox/60.0',
  'host' => 'local.shangcheng.com',
)
[ info ] [ PARAM ] array (
  '/home/goods/php_info' => '',
)
[ info ] [ LOG ] INIT File
[ error ] [0]语法解析错误: syntax error, unexpected end of file, expecting function (T_FUNCTION)[D:\www\shangcheng\application\home\controller\Goods.php:116]
---------------------------------------------------------------
[ 2018-08-17T10:28:23+08:00 ] 127.0.0.1 GET /home/goods/php_info
[ info ] local.shangcheng.com/home/goods/php_info [运行时间：3.262199s][吞吐率：0.31req/s] [内存消耗：3,314.13kb] [文件加载：62]
[ info ] [ LANG ] D:\www\shangcheng\thinkphp\lang\zh-cn.php
[ info ] [ ROUTE ] array (
  'type' => 'module',
  'module' => 
  array (
    0 => 'home',
    1 => 'goods',
    2 => 'php_info',
  ),
)
[ info ] [ HEADER ] array (
  'cache-control' => 'max-age=0',
  'upgrade-insecure-requests' => '1',
  'connection' => 'close',
  'cookie' => 'PHPSESSID=4775f42fgahp1dflalg230fan5',
  'accept-encoding' => 'gzip, deflate',
  'accept-language' => 'zh-CN,zh;q=0.8,zh-TW;q=0.7,zh-HK;q=0.5,en-US;q=0.3,en;q=0.2',
  'accept' => 'text/html,application/xhtml+xml,application/xml;q=0.9,*/*;q=0.8',
  'user-agent' => 'Mozilla/5.0 (Windows NT 10.0; Win64; x64; rv:60.0) Gecko/20100101 Firefox/60.0',
  'host' => 'local.shangcheng.com',
)
[ info ] [ PARAM ] array (
  '/home/goods/php_info' => '',
)
[ info ] [ DB ] INIT mysql
[ info ] [ RUN ] app\home\controller\Goods->php_info[ D:\www\shangcheng\application\home\controller\Goods.php ]
[ info ] [ CACHE ] INIT redis
[ info ] [ LOG ] INIT File
[ sql ] [ DB ] CONNECT:[ UseTime:1.004168s ] mysql:host=localhost;port=3306;dbname=tpshop;charset=utf8
[ sql ] [ SQL ] SHOW COLUMNS FROM `tpshop_category` [ RunTime:0.034073s ]
[ sql ] [ SQL ] SELECT * FROM `tpshop_category` [ RunTime:0.001661s ]
[ error ] [2]Redis::connect(): [D:\www\shangcheng\thinkphp\library\think\cache\driver\Redis.php:53]
---------------------------------------------------------------
[ 2018-08-17T10:29:36+08:00 ] 127.0.0.1 GET /home/goods/php_info
[ info ] local.shangcheng.com/home/goods/php_info [运行时间：22.120964s][吞吐率：0.05req/s] [内存消耗：3,314.13kb] [文件加载：62]
[ info ] [ LANG ] D:\www\shangcheng\thinkphp\lang\zh-cn.php
[ info ] [ ROUTE ] array (
  'type' => 'module',
  'module' => 
  array (
    0 => 'home',
    1 => 'goods',
    2 => 'php_info',
  ),
)
[ info ] [ HEADER ] array (
  'cache-control' => 'max-age=0',
  'upgrade-insecure-requests' => '1',
  'connection' => 'close',
  'cookie' => 'PHPSESSID=4775f42fgahp1dflalg230fan5',
  'accept-encoding' => 'gzip, deflate',
  'accept-language' => 'zh-CN,zh;q=0.8,zh-TW;q=0.7,zh-HK;q=0.5,en-US;q=0.3,en;q=0.2',
  'accept' => 'text/html,application/xhtml+xml,application/xml;q=0.9,*/*;q=0.8',
  'user-agent' => 'Mozilla/5.0 (Windows NT 10.0; Win64; x64; rv:60.0) Gecko/20100101 Firefox/60.0',
  'host' => 'local.shangcheng.com',
)
[ info ] [ PARAM ] array (
  '/home/goods/php_info' => '',
)
[ info ] [ DB ] INIT mysql
[ info ] [ RUN ] app\home\controller\Goods->php_info[ D:\www\shangcheng\application\home\controller\Goods.php ]
[ info ] [ CACHE ] INIT redis
[ info ] [ LOG ] INIT File
[ sql ] [ DB ] CONNECT:[ UseTime:1.011228s ] mysql:host=localhost;port=3306;dbname=tpshop;charset=utf8
[ sql ] [ SQL ] SHOW COLUMNS FROM `tpshop_category` [ RunTime:0.034526s ]
[ sql ] [ SQL ] SELECT * FROM `tpshop_category` [ RunTime:0.001616s ]
[ error ] [2]Redis::connect(): [D:\www\shangcheng\thinkphp\library\think\cache\driver\Redis.php:53]
---------------------------------------------------------------
[ 2018-08-17T10:30:02+08:00 ] 127.0.0.1 GET /home/goods/php_info
[ info ] local.shangcheng.com/home/goods/php_info [运行时间：22.183176s][吞吐率：0.05req/s] [内存消耗：3,314.18kb] [文件加载：62]
[ info ] [ LANG ] D:\www\shangcheng\thinkphp\lang\zh-cn.php
[ info ] [ ROUTE ] array (
  'type' => 'module',
  'module' => 
  array (
    0 => 'home',
    1 => 'goods',
    2 => 'php_info',
  ),
)
[ info ] [ HEADER ] array (
  'cache-control' => 'no-cache',
  'pragma' => 'no-cache',
  'upgrade-insecure-requests' => '1',
  'connection' => 'close',
  'cookie' => 'PHPSESSID=4775f42fgahp1dflalg230fan5',
  'accept-encoding' => 'gzip, deflate',
  'accept-language' => 'zh-CN,zh;q=0.8,zh-TW;q=0.7,zh-HK;q=0.5,en-US;q=0.3,en;q=0.2',
  'accept' => 'text/html,application/xhtml+xml,application/xml;q=0.9,*/*;q=0.8',
  'user-agent' => 'Mozilla/5.0 (Windows NT 10.0; Win64; x64; rv:60.0) Gecko/20100101 Firefox/60.0',
  'host' => 'local.shangcheng.com',
)
[ info ] [ PARAM ] array (
  '/home/goods/php_info' => '',
)
[ info ] [ DB ] INIT mysql
[ info ] [ RUN ] app\home\controller\Goods->php_info[ D:\www\shangcheng\application\home\controller\Goods.php ]
[ info ] [ CACHE ] INIT redis
[ info ] [ LOG ] INIT File
[ sql ] [ DB ] CONNECT:[ UseTime:1.003526s ] mysql:host=localhost;port=3306;dbname=tpshop;charset=utf8
[ sql ] [ SQL ] SHOW COLUMNS FROM `tpshop_category` [ RunTime:0.075907s ]
[ sql ] [ SQL ] SELECT * FROM `tpshop_category` [ RunTime:0.004248s ]
[ error ] [2]Redis::connect(): [D:\www\shangcheng\thinkphp\library\think\cache\driver\Redis.php:53]
---------------------------------------------------------------
[ 2018-08-17T10:30:08+08:00 ] 127.0.0.1 GET /home/goods/index
[ info ] local.shangcheng.com/home/goods/index [运行时间：1.078227s][吞吐率：0.93req/s] [内存消耗：3,261.91kb] [文件加载：58]
[ info ] [ LANG ] D:\www\shangcheng\thinkphp\lang\zh-cn.php
[ info ] [ ROUTE ] array (
  'type' => 'module',
  'module' => 
  array (
    0 => 'home',
    1 => 'goods',
    2 => 'index',
  ),
)
[ info ] [ HEADER ] array (
  'upgrade-insecure-requests' => '1',
  'connection' => 'close',
  'cookie' => 'PHPSESSID=4775f42fgahp1dflalg230fan5',
  'accept-encoding' => 'gzip, deflate',
  'accept-language' => 'zh-CN,zh;q=0.8,zh-TW;q=0.7,zh-HK;q=0.5,en-US;q=0.3,en;q=0.2',
  'accept' => 'text/html,application/xhtml+xml,application/xml;q=0.9,*/*;q=0.8',
  'user-agent' => 'Mozilla/5.0 (Windows NT 10.0; Win64; x64; rv:60.0) Gecko/20100101 Firefox/60.0',
  'host' => 'local.shangcheng.com',
)
[ info ] [ PARAM ] array (
  '/home/goods/index' => '',
)
[ info ] [ DB ] INIT mysql
[ info ] [ LOG ] INIT File
[ sql ] [ DB ] CONNECT:[ UseTime:1.002541s ] mysql:host=localhost;port=3306;dbname=tpshop;charset=utf8
[ sql ] [ SQL ] SHOW COLUMNS FROM `tpshop_category` [ RunTime:0.018975s ]
[ sql ] [ SQL ] SELECT * FROM `tpshop_category` [ RunTime:0.001622s ]
---------------------------------------------------------------
[ 2018-08-17T10:30:34+08:00 ] 127.0.0.1 GET /home/goods/php_info
[ info ] local.shangcheng.com/home/goods/php_info [运行时间：22.152910s][吞吐率：0.05req/s] [内存消耗：3,313.72kb] [文件加载：62]
[ info ] [ LANG ] D:\www\shangcheng\thinkphp\lang\zh-cn.php
[ info ] [ ROUTE ] array (
  'type' => 'module',
  'module' => 
  array (
    0 => 'home',
    1 => 'goods',
    2 => 'php_info',
  ),
)
[ info ] [ HEADER ] array (
  'upgrade-insecure-requests' => '1',
  'connection' => 'close',
  'cookie' => 'PHPSESSID=4775f42fgahp1dflalg230fan5',
  'accept-encoding' => 'gzip, deflate',
  'accept-language' => 'zh-CN,zh;q=0.8,zh-TW;q=0.7,zh-HK;q=0.5,en-US;q=0.3,en;q=0.2',
  'accept' => 'text/html,application/xhtml+xml,application/xml;q=0.9,*/*;q=0.8',
  'user-agent' => 'Mozilla/5.0 (Windows NT 10.0; Win64; x64; rv:60.0) Gecko/20100101 Firefox/60.0',
  'host' => 'local.shangcheng.com',
)
[ info ] [ PARAM ] array (
  '/home/goods/php_info' => '',
)
[ info ] [ DB ] INIT mysql
[ info ] [ RUN ] app\home\controller\Goods->php_info[ D:\www\shangcheng\application\home\controller\Goods.php ]
[ info ] [ CACHE ] INIT redis
[ info ] [ LOG ] INIT File
[ sql ] [ DB ] CONNECT:[ UseTime:1.023294s ] mysql:host=localhost;port=3306;dbname=tpshop;charset=utf8
[ sql ] [ SQL ] SHOW COLUMNS FROM `tpshop_category` [ RunTime:0.037022s ]
[ sql ] [ SQL ] SELECT * FROM `tpshop_category` [ RunTime:0.003336s ]
[ error ] [2]Redis::connect(): [D:\www\shangcheng\thinkphp\library\think\cache\driver\Redis.php:53]
---------------------------------------------------------------
[ 2018-08-17T10:32:20+08:00 ] 127.0.0.1 GET /home/goods/php_info
[ info ] local.shangcheng.com/home/goods/php_info [运行时间：22.136304s][吞吐率：0.05req/s] [内存消耗：3,314.13kb] [文件加载：62]
[ info ] [ LANG ] D:\www\shangcheng\thinkphp\lang\zh-cn.php
[ info ] [ ROUTE ] array (
  'type' => 'module',
  'module' => 
  array (
    0 => 'home',
    1 => 'goods',
    2 => 'php_info',
  ),
)
[ info ] [ HEADER ] array (
  'cache-control' => 'max-age=0',
  'upgrade-insecure-requests' => '1',
  'connection' => 'close',
  'cookie' => 'PHPSESSID=4775f42fgahp1dflalg230fan5',
  'accept-encoding' => 'gzip, deflate',
  'accept-language' => 'zh-CN,zh;q=0.8,zh-TW;q=0.7,zh-HK;q=0.5,en-US;q=0.3,en;q=0.2',
  'accept' => 'text/html,application/xhtml+xml,application/xml;q=0.9,*/*;q=0.8',
  'user-agent' => 'Mozilla/5.0 (Windows NT 10.0; Win64; x64; rv:60.0) Gecko/20100101 Firefox/60.0',
  'host' => 'local.shangcheng.com',
)
[ info ] [ PARAM ] array (
  '/home/goods/php_info' => '',
)
[ info ] [ DB ] INIT mysql
[ info ] [ RUN ] app\home\controller\Goods->php_info[ D:\www\shangcheng\application\home\controller\Goods.php ]
[ info ] [ CACHE ] INIT redis
[ info ] [ LOG ] INIT File
[ sql ] [ DB ] CONNECT:[ UseTime:1.012129s ] mysql:host=localhost;port=3306;dbname=tpshop;charset=utf8
[ sql ] [ SQL ] SHOW COLUMNS FROM `tpshop_category` [ RunTime:0.043789s ]
[ sql ] [ SQL ] SELECT * FROM `tpshop_category` [ RunTime:0.001638s ]
[ error ] [2]Redis::connect(): [D:\www\shangcheng\thinkphp\library\think\cache\driver\Redis.php:53]
---------------------------------------------------------------
[ 2018-08-17T10:36:22+08:00 ] 127.0.0.1 GET /home/goods/php_info
[ info ] local.shangcheng.com/home/goods/php_info [运行时间：22.115615s][吞吐率：0.05req/s] [内存消耗：3,314.13kb] [文件加载：62]
[ info ] [ LANG ] D:\www\shangcheng\thinkphp\lang\zh-cn.php
[ info ] [ ROUTE ] array (
  'type' => 'module',
  'module' => 
  array (
    0 => 'home',
    1 => 'goods',
    2 => 'php_info',
  ),
)
[ info ] [ HEADER ] array (
  'cache-control' => 'max-age=0',
  'upgrade-insecure-requests' => '1',
  'connection' => 'close',
  'cookie' => 'PHPSESSID=4775f42fgahp1dflalg230fan5',
  'accept-encoding' => 'gzip, deflate',
  'accept-language' => 'zh-CN,zh;q=0.8,zh-TW;q=0.7,zh-HK;q=0.5,en-US;q=0.3,en;q=0.2',
  'accept' => 'text/html,application/xhtml+xml,application/xml;q=0.9,*/*;q=0.8',
  'user-agent' => 'Mozilla/5.0 (Windows NT 10.0; Win64; x64; rv:60.0) Gecko/20100101 Firefox/60.0',
  'host' => 'local.shangcheng.com',
)
[ info ] [ PARAM ] array (
  '/home/goods/php_info' => '',
)
[ info ] [ DB ] INIT mysql
[ info ] [ RUN ] app\home\controller\Goods->php_info[ D:\www\shangcheng\application\home\controller\Goods.php ]
[ info ] [ CACHE ] INIT redis
[ info ] [ LOG ] INIT File
[ sql ] [ DB ] CONNECT:[ UseTime:1.014542s ] mysql:host=localhost;port=3306;dbname=tpshop;charset=utf8
[ sql ] [ SQL ] SHOW COLUMNS FROM `tpshop_category` [ RunTime:0.021300s ]
[ sql ] [ SQL ] SELECT * FROM `tpshop_category` [ RunTime:0.001654s ]
[ error ] [2]Redis::connect(): [D:\www\shangcheng\thinkphp\library\think\cache\driver\Redis.php:53]
---------------------------------------------------------------
[ 2018-08-17T10:38:33+08:00 ] 127.0.0.1 GET /home/goods/php_info
[ info ] local.shangcheng.com/home/goods/php_info [运行时间：22.210519s][吞吐率：0.05req/s] [内存消耗：3,314.22kb] [文件加载：62]
[ info ] [ LANG ] D:\www\shangcheng\thinkphp\lang\zh-cn.php
[ info ] [ ROUTE ] array (
  'type' => 'module',
  'module' => 
  array (
    0 => 'home',
    1 => 'goods',
    2 => 'php_info',
  ),
)
[ info ] [ HEADER ] array (
  'cache-control' => 'max-age=0',
  'upgrade-insecure-requests' => '1',
  'connection' => 'close',
  'cookie' => 'PHPSESSID=4775f42fgahp1dflalg230fan5',
  'accept-encoding' => 'gzip, deflate',
  'accept-language' => 'zh-CN,zh;q=0.8,zh-TW;q=0.7,zh-HK;q=0.5,en-US;q=0.3,en;q=0.2',
  'accept' => 'text/html,application/xhtml+xml,application/xml;q=0.9,*/*;q=0.8',
  'user-agent' => 'Mozilla/5.0 (Windows NT 10.0; Win64; x64; rv:60.0) Gecko/20100101 Firefox/60.0',
  'host' => 'local.shangcheng.com',
)
[ info ] [ PARAM ] array (
  '/home/goods/php_info' => '',
)
[ info ] [ DB ] INIT mysql
[ info ] [ RUN ] app\home\controller\Goods->php_info[ D:\www\shangcheng\application\home\controller\Goods.php ]
[ info ] [ CACHE ] INIT redis
[ info ] [ LOG ] INIT File
[ sql ] [ DB ] CONNECT:[ UseTime:1.012954s ] mysql:host=localhost;port=3306;dbname=tpshop;charset=utf8
[ sql ] [ SQL ] SHOW COLUMNS FROM `tpshop_category` [ RunTime:0.075102s ]
[ sql ] [ SQL ] SELECT * FROM `tpshop_category` [ RunTime:0.004188s ]
[ error ] [2]Redis::connect(): [D:\www\shangcheng\thinkphp\library\think\cache\driver\Redis.php:53]
---------------------------------------------------------------
[ 2018-08-17T10:43:19+08:00 ] 127.0.0.1 GET /home/goods/php_info
[ info ] local.shangcheng.com/home/goods/php_info [运行时间：0.015469s][吞吐率：64.65req/s] [内存消耗：1,090.44kb] [文件加载：40]
[ info ] [ LANG ] D:\www\shangcheng\thinkphp\lang\zh-cn.php
[ info ] [ ROUTE ] array (
  'type' => 'module',
  'module' => 
  array (
    0 => 'home',
    1 => 'goods',
    2 => 'php_info',
  ),
)
[ info ] [ HEADER ] array (
  'cache-control' => 'max-age=0',
  'upgrade-insecure-requests' => '1',
  'connection' => 'close',
  'cookie' => 'PHPSESSID=4775f42fgahp1dflalg230fan5',
  'accept-encoding' => 'gzip, deflate',
  'accept-language' => 'zh-CN,zh;q=0.8,zh-TW;q=0.7,zh-HK;q=0.5,en-US;q=0.3,en;q=0.2',
  'accept' => 'text/html,application/xhtml+xml,application/xml;q=0.9,*/*;q=0.8',
  'user-agent' => 'Mozilla/5.0 (Windows NT 10.0; Win64; x64; rv:60.0) Gecko/20100101 Firefox/60.0',
  'host' => 'local.shangcheng.com',
)
[ info ] [ PARAM ] array (
  '/home/goods/php_info' => '',
)
[ info ] [ LOG ] INIT File
[ error ] [0]语法解析错误: syntax error, unexpected 'Catch' (T_CATCH)[D:\www\shangcheng\application\home\controller\Goods.php:112]
---------------------------------------------------------------
[ 2018-08-17T10:44:33+08:00 ] 127.0.0.1 GET /home/goods/php_info
[ info ] local.shangcheng.com/home/goods/php_info [运行时间：22.164125s][吞吐率：0.05req/s] [内存消耗：3,314.38kb] [文件加载：62]
[ info ] [ LANG ] D:\www\shangcheng\thinkphp\lang\zh-cn.php
[ info ] [ ROUTE ] array (
  'type' => 'module',
  'module' => 
  array (
    0 => 'home',
    1 => 'goods',
    2 => 'php_info',
  ),
)
[ info ] [ HEADER ] array (
  'cache-control' => 'max-age=0',
  'upgrade-insecure-requests' => '1',
  'connection' => 'close',
  'cookie' => 'PHPSESSID=4775f42fgahp1dflalg230fan5',
  'accept-encoding' => 'gzip, deflate',
  'accept-language' => 'zh-CN,zh;q=0.8,zh-TW;q=0.7,zh-HK;q=0.5,en-US;q=0.3,en;q=0.2',
  'accept' => 'text/html,application/xhtml+xml,application/xml;q=0.9,*/*;q=0.8',
  'user-agent' => 'Mozilla/5.0 (Windows NT 10.0; Win64; x64; rv:60.0) Gecko/20100101 Firefox/60.0',
  'host' => 'local.shangcheng.com',
)
[ info ] [ PARAM ] array (
  '/home/goods/php_info' => '',
)
[ info ] [ DB ] INIT mysql
[ info ] [ RUN ] app\home\controller\Goods->php_info[ D:\www\shangcheng\application\home\controller\Goods.php ]
[ info ] [ CACHE ] INIT redis
[ info ] [ LOG ] INIT File
[ sql ] [ DB ] CONNECT:[ UseTime:1.017576s ] mysql:host=localhost;port=3306;dbname=tpshop;charset=utf8
[ sql ] [ SQL ] SHOW COLUMNS FROM `tpshop_category` [ RunTime:0.041165s ]
[ sql ] [ SQL ] SELECT * FROM `tpshop_category` [ RunTime:0.003569s ]
[ error ] [2]Redis::connect(): [D:\www\shangcheng\thinkphp\library\think\cache\driver\Redis.php:53]
---------------------------------------------------------------
[ 2018-08-17T10:47:58+08:00 ] 127.0.0.1 GET /home/goods/php_info
[ info ] local.shangcheng.com/home/goods/php_info [运行时间：22.167496s][吞吐率：0.05req/s] [内存消耗：3,314.38kb] [文件加载：62]
[ info ] [ LANG ] D:\www\shangcheng\thinkphp\lang\zh-cn.php
[ info ] [ ROUTE ] array (
  'type' => 'module',
  'module' => 
  array (
    0 => 'home',
    1 => 'goods',
    2 => 'php_info',
  ),
)
[ info ] [ HEADER ] array (
  'cache-control' => 'max-age=0',
  'upgrade-insecure-requests' => '1',
  'connection' => 'close',
  'cookie' => 'PHPSESSID=4775f42fgahp1dflalg230fan5',
  'accept-encoding' => 'gzip, deflate',
  'accept-language' => 'zh-CN,zh;q=0.8,zh-TW;q=0.7,zh-HK;q=0.5,en-US;q=0.3,en;q=0.2',
  'accept' => 'text/html,application/xhtml+xml,application/xml;q=0.9,*/*;q=0.8',
  'user-agent' => 'Mozilla/5.0 (Windows NT 10.0; Win64; x64; rv:60.0) Gecko/20100101 Firefox/60.0',
  'host' => 'local.shangcheng.com',
)
[ info ] [ PARAM ] array (
  '/home/goods/php_info' => '',
)
[ info ] [ DB ] INIT mysql
[ info ] [ RUN ] app\home\controller\Goods->php_info[ D:\www\shangcheng\application\home\controller\Goods.php ]
[ info ] [ CACHE ] INIT redis
[ info ] [ LOG ] INIT File
[ sql ] [ DB ] CONNECT:[ UseTime:1.014152s ] mysql:host=localhost;port=3306;dbname=tpshop;charset=utf8
[ sql ] [ SQL ] SHOW COLUMNS FROM `tpshop_category` [ RunTime:0.054791s ]
[ sql ] [ SQL ] SELECT * FROM `tpshop_category` [ RunTime:0.004410s ]
[ error ] [2]Redis::connect(): [D:\www\shangcheng\thinkphp\library\think\cache\driver\Redis.php:53]
---------------------------------------------------------------
[ 2018-08-17T10:58:07+08:00 ] 127.0.0.1 GET /home/goods/php_info
[ info ] local.shangcheng.com/home/goods/php_info [运行时间：1.565282s][吞吐率：0.64req/s] [内存消耗：3,286.52kb] [文件加载：58]
[ info ] [ LANG ] D:\www\shangcheng\thinkphp\lang\zh-cn.php
[ info ] [ ROUTE ] array (
  'type' => 'module',
  'module' => 
  array (
    0 => 'home',
    1 => 'goods',
    2 => 'php_info',
  ),
)
[ info ] [ HEADER ] array (
  'cache-control' => 'max-age=0',
  'upgrade-insecure-requests' => '1',
  'connection' => 'close',
  'cookie' => 'PHPSESSID=4775f42fgahp1dflalg230fan5',
  'accept-encoding' => 'gzip, deflate',
  'accept-language' => 'zh-CN,zh;q=0.8,zh-TW;q=0.7,zh-HK;q=0.5,en-US;q=0.3,en;q=0.2',
  'accept' => 'text/html,application/xhtml+xml,application/xml;q=0.9,*/*;q=0.8',
  'user-agent' => 'Mozilla/5.0 (Windows NT 10.0; Win64; x64; rv:60.0) Gecko/20100101 Firefox/60.0',
  'host' => 'local.shangcheng.com',
)
[ info ] [ PARAM ] array (
  '/home/goods/php_info' => '',
)
[ info ] [ DB ] INIT mysql
[ info ] [ RUN ] app\home\controller\Goods->php_info[ D:\www\shangcheng\application\home\controller\Goods.php ]
[ info ] [ CACHE ] INIT redis
[ info ] [ LOG ] INIT File
[ sql ] [ DB ] CONNECT:[ UseTime:1.055294s ] mysql:host=localhost;port=3306;dbname=tpshop;charset=utf8
[ sql ] [ SQL ] SHOW COLUMNS FROM `tpshop_category` [ RunTime:0.023457s ]
[ sql ] [ SQL ] SELECT * FROM `tpshop_category` [ RunTime:0.001666s ]
---------------------------------------------------------------
[ 2018-08-17T10:59:37+08:00 ] 127.0.0.1 GET /home/goods/php_info
[ info ] local.shangcheng.com/home/goods/php_info [运行时间：1.521456s][吞吐率：0.66req/s] [内存消耗：3,286.51kb] [文件加载：58]
[ info ] [ LANG ] D:\www\shangcheng\thinkphp\lang\zh-cn.php
[ info ] [ ROUTE ] array (
  'type' => 'module',
  'module' => 
  array (
    0 => 'home',
    1 => 'goods',
    2 => 'php_info',
  ),
)
[ info ] [ HEADER ] array (
  'cache-control' => 'max-age=0',
  'upgrade-insecure-requests' => '1',
  'connection' => 'close',
  'cookie' => 'PHPSESSID=4775f42fgahp1dflalg230fan5',
  'accept-encoding' => 'gzip, deflate',
  'accept-language' => 'zh-CN,zh;q=0.8,zh-TW;q=0.7,zh-HK;q=0.5,en-US;q=0.3,en;q=0.2',
  'accept' => 'text/html,application/xhtml+xml,application/xml;q=0.9,*/*;q=0.8',
  'user-agent' => 'Mozilla/5.0 (Windows NT 10.0; Win64; x64; rv:60.0) Gecko/20100101 Firefox/60.0',
  'host' => 'local.shangcheng.com',
)
[ info ] [ PARAM ] array (
  '/home/goods/php_info' => '',
)
[ info ] [ DB ] INIT mysql
[ info ] [ RUN ] app\home\controller\Goods->php_info[ D:\www\shangcheng\application\home\controller\Goods.php ]
[ info ] [ CACHE ] INIT redis
[ info ] [ LOG ] INIT File
[ sql ] [ DB ] CONNECT:[ UseTime:1.044015s ] mysql:host=localhost;port=3306;dbname=tpshop;charset=utf8
[ sql ] [ SQL ] SHOW COLUMNS FROM `tpshop_category` [ RunTime:0.055226s ]
[ sql ] [ SQL ] SELECT * FROM `tpshop_category` [ RunTime:0.004812s ]
---------------------------------------------------------------
[ 2018-08-17T11:21:36+08:00 ] 127.0.0.1 GET /home/goods/php_info
[ info ] local.shangcheng.com/home/goods/php_info [运行时间：1.150126s][吞吐率：0.87req/s] [内存消耗：3,265.77kb] [文件加载：58]
[ info ] [ LANG ] D:\www\shangcheng\thinkphp\lang\zh-cn.php
[ info ] [ ROUTE ] array (
  'type' => 'module',
  'module' => 
  array (
    0 => 'home',
    1 => 'goods',
    2 => 'php_info',
  ),
)
[ info ] [ HEADER ] array (
  'cache-control' => 'max-age=0',
  'upgrade-insecure-requests' => '1',
  'connection' => 'close',
  'cookie' => 'PHPSESSID=4775f42fgahp1dflalg230fan5',
  'accept-encoding' => 'gzip, deflate',
  'accept-language' => 'zh-CN,zh;q=0.8,zh-TW;q=0.7,zh-HK;q=0.5,en-US;q=0.3,en;q=0.2',
  'accept' => 'text/html,application/xhtml+xml,application/xml;q=0.9,*/*;q=0.8',
  'user-agent' => 'Mozilla/5.0 (Windows NT 10.0; Win64; x64; rv:60.0) Gecko/20100101 Firefox/60.0',
  'host' => 'local.shangcheng.com',
)
[ info ] [ PARAM ] array (
  '/home/goods/php_info' => '',
)
[ info ] [ DB ] INIT mysql
[ info ] [ RUN ] app\home\controller\Goods->php_info[ D:\www\shangcheng\application\home\controller\Goods.php ]
[ info ] [ LOG ] INIT File
[ sql ] [ DB ] CONNECT:[ UseTime:1.025422s ] mysql:host=localhost;port=3306;dbname=tpshop;charset=utf8
[ sql ] [ SQL ] SHOW COLUMNS FROM `tpshop_category` [ RunTime:0.035530s ]
[ sql ] [ SQL ] SELECT * FROM `tpshop_category` [ RunTime:0.004131s ]
[ error ] [0]致命错误: Class 'app\home\controller\Redis' not found[D:\www\shangcheng\application\home\controller\Goods.php:118]
---------------------------------------------------------------
[ 2018-08-17T11:23:20+08:00 ] 127.0.0.1 GET /home/goods/php_info
[ info ] local.shangcheng.com/home/goods/php_info [运行时间：2.172592s][吞吐率：0.46req/s] [内存消耗：3,298.53kb] [文件加载：61]
[ info ] [ LANG ] D:\www\shangcheng\thinkphp\lang\zh-cn.php
[ info ] [ ROUTE ] array (
  'type' => 'module',
  'module' => 
  array (
    0 => 'home',
    1 => 'goods',
    2 => 'php_info',
  ),
)
[ info ] [ HEADER ] array (
  'cache-control' => 'max-age=0',
  'upgrade-insecure-requests' => '1',
  'connection' => 'close',
  'cookie' => 'PHPSESSID=4775f42fgahp1dflalg230fan5',
  'accept-encoding' => 'gzip, deflate',
  'accept-language' => 'zh-CN,zh;q=0.8,zh-TW;q=0.7,zh-HK;q=0.5,en-US;q=0.3,en;q=0.2',
  'accept' => 'text/html,application/xhtml+xml,application/xml;q=0.9,*/*;q=0.8',
  'user-agent' => 'Mozilla/5.0 (Windows NT 10.0; Win64; x64; rv:60.0) Gecko/20100101 Firefox/60.0',
  'host' => 'local.shangcheng.com',
)
[ info ] [ PARAM ] array (
  '/home/goods/php_info' => '',
)
[ info ] [ DB ] INIT mysql
[ info ] [ RUN ] app\home\controller\Goods->php_info[ D:\www\shangcheng\application\home\controller\Goods.php ]
[ info ] [ LOG ] INIT File
[ sql ] [ DB ] CONNECT:[ UseTime:1.025110s ] mysql:host=localhost;port=3306;dbname=tpshop;charset=utf8
[ sql ] [ SQL ] SHOW COLUMNS FROM `tpshop_category` [ RunTime:0.064856s ]
[ sql ] [ SQL ] SELECT * FROM `tpshop_category` [ RunTime:0.004300s ]
[ error ] [2]Redis::connect(): [D:\www\shangcheng\thinkphp\library\think\cache\driver\Redis.php:53]
---------------------------------------------------------------
[ 2018-08-17T11:26:33+08:00 ] 127.0.0.1 GET /home/goods/php_info
[ info ] local.shangcheng.com/home/goods/php_info [运行时间：2.161377s][吞吐率：0.46req/s] [内存消耗：3,298.53kb] [文件加载：61]
[ info ] [ LANG ] D:\www\shangcheng\thinkphp\lang\zh-cn.php
[ info ] [ ROUTE ] array (
  'type' => 'module',
  'module' => 
  array (
    0 => 'home',
    1 => 'goods',
    2 => 'php_info',
  ),
)
[ info ] [ HEADER ] array (
  'cache-control' => 'max-age=0',
  'upgrade-insecure-requests' => '1',
  'connection' => 'close',
  'cookie' => 'PHPSESSID=4775f42fgahp1dflalg230fan5',
  'accept-encoding' => 'gzip, deflate',
  'accept-language' => 'zh-CN,zh;q=0.8,zh-TW;q=0.7,zh-HK;q=0.5,en-US;q=0.3,en;q=0.2',
  'accept' => 'text/html,application/xhtml+xml,application/xml;q=0.9,*/*;q=0.8',
  'user-agent' => 'Mozilla/5.0 (Windows NT 10.0; Win64; x64; rv:60.0) Gecko/20100101 Firefox/60.0',
  'host' => 'local.shangcheng.com',
)
[ info ] [ PARAM ] array (
  '/home/goods/php_info' => '',
)
[ info ] [ DB ] INIT mysql
[ info ] [ RUN ] app\home\controller\Goods->php_info[ D:\www\shangcheng\application\home\controller\Goods.php ]
[ info ] [ LOG ] INIT File
[ sql ] [ DB ] CONNECT:[ UseTime:1.013796s ] mysql:host=localhost;port=3306;dbname=tpshop;charset=utf8
[ sql ] [ SQL ] SHOW COLUMNS FROM `tpshop_category` [ RunTime:0.047199s ]
[ sql ] [ SQL ] SELECT * FROM `tpshop_category` [ RunTime:0.003642s ]
[ error ] [2]Redis::connect(): [D:\www\shangcheng\thinkphp\library\think\cache\driver\Redis.php:53]
---------------------------------------------------------------
[ 2018-08-17T11:35:42+08:00 ] 127.0.0.1 GET /home/goods/php_info
[ info ] local.shangcheng.com/home/goods/php_info [运行时间：2.128120s][吞吐率：0.47req/s] [内存消耗：3,297.68kb] [文件加载：61]
[ info ] [ LANG ] D:\www\shangcheng\thinkphp\lang\zh-cn.php
[ info ] [ ROUTE ] array (
  'type' => 'module',
  'module' => 
  array (
    0 => 'home',
    1 => 'goods',
    2 => 'php_info',
  ),
)
[ info ] [ HEADER ] array (
  'cache-control' => 'max-age=0',
  'upgrade-insecure-requests' => '1',
  'connection' => 'close',
  'cookie' => 'PHPSESSID=4775f42fgahp1dflalg230fan5',
  'accept-encoding' => 'gzip, deflate',
  'accept-language' => 'zh-CN,zh;q=0.8,zh-TW;q=0.7,zh-HK;q=0.5,en-US;q=0.3,en;q=0.2',
  'accept' => 'text/html,application/xhtml+xml,application/xml;q=0.9,*/*;q=0.8',
  'user-agent' => 'Mozilla/5.0 (Windows NT 10.0; Win64; x64; rv:60.0) Gecko/20100101 Firefox/60.0',
  'host' => 'local.shangcheng.com',
)
[ info ] [ PARAM ] array (
  '/home/goods/php_info' => '',
)
[ info ] [ DB ] INIT mysql
[ info ] [ RUN ] app\home\controller\Goods->php_info[ D:\www\shangcheng\application\home\controller\Goods.php ]
[ info ] [ LOG ] INIT File
[ sql ] [ DB ] CONNECT:[ UseTime:1.022741s ] mysql:host=localhost;port=3306;dbname=tpshop;charset=utf8
[ sql ] [ SQL ] SHOW COLUMNS FROM `tpshop_category` [ RunTime:0.031362s ]
[ sql ] [ SQL ] SELECT * FROM `tpshop_category` [ RunTime:0.001610s ]
[ error ] [2]Redis::connect(): [D:\www\shangcheng\thinkphp\library\think\cache\driver\Redis.php:53]
---------------------------------------------------------------
[ 2018-08-17T11:36:43+08:00 ] 127.0.0.1 GET /home/goods/php_info
[ info ] local.shangcheng.com/home/goods/php_info [运行时间：2.204967s][吞吐率：0.45req/s] [内存消耗：3,297.82kb] [文件加载：61]
[ info ] [ LANG ] D:\www\shangcheng\thinkphp\lang\zh-cn.php
[ info ] [ ROUTE ] array (
  'type' => 'module',
  'module' => 
  array (
    0 => 'home',
    1 => 'goods',
    2 => 'php_info',
  ),
)
[ info ] [ HEADER ] array (
  'cache-control' => 'max-age=0',
  'upgrade-insecure-requests' => '1',
  'connection' => 'close',
  'cookie' => 'PHPSESSID=4775f42fgahp1dflalg230fan5',
  'accept-encoding' => 'gzip, deflate',
  'accept-language' => 'zh-CN,zh;q=0.8,zh-TW;q=0.7,zh-HK;q=0.5,en-US;q=0.3,en;q=0.2',
  'accept' => 'text/html,application/xhtml+xml,application/xml;q=0.9,*/*;q=0.8',
  'user-agent' => 'Mozilla/5.0 (Windows NT 10.0; Win64; x64; rv:60.0) Gecko/20100101 Firefox/60.0',
  'host' => 'local.shangcheng.com',
)
[ info ] [ PARAM ] array (
  '/home/goods/php_info' => '',
)
[ info ] [ DB ] INIT mysql
[ info ] [ RUN ] app\home\controller\Goods->php_info[ D:\www\shangcheng\application\home\controller\Goods.php ]
[ info ] [ LOG ] INIT File
[ sql ] [ DB ] CONNECT:[ UseTime:1.033303s ] mysql:host=localhost;port=3306;dbname=tpshop;charset=utf8
[ sql ] [ SQL ] SHOW COLUMNS FROM `tpshop_category` [ RunTime:0.070865s ]
[ sql ] [ SQL ] SELECT * FROM `tpshop_category` [ RunTime:0.002195s ]
[ error ] [2]Redis::connect(): [D:\www\shangcheng\thinkphp\library\think\cache\driver\Redis.php:53]
---------------------------------------------------------------
[ 2018-08-17T11:36:51+08:00 ] 127.0.0.1 GET /home/goods/php_info
[ info ] local.shangcheng.com/home/goods/php_info [运行时间：2.238167s][吞吐率：0.45req/s] [内存消耗：3,297.61kb] [文件加载：61]
[ info ] [ LANG ] D:\www\shangcheng\thinkphp\lang\zh-cn.php
[ info ] [ ROUTE ] array (
  'type' => 'module',
  'module' => 
  array (
    0 => 'home',
    1 => 'goods',
    2 => 'php_info',
  ),
)
[ info ] [ HEADER ] array (
  'cache-control' => 'max-age=0',
  'upgrade-insecure-requests' => '1',
  'connection' => 'close',
  'cookie' => 'PHPSESSID=4775f42fgahp1dflalg230fan5',
  'accept-encoding' => 'gzip, deflate',
  'accept-language' => 'zh-CN,zh;q=0.8,zh-TW;q=0.7,zh-HK;q=0.5,en-US;q=0.3,en;q=0.2',
  'accept' => 'text/html,application/xhtml+xml,application/xml;q=0.9,*/*;q=0.8',
  'user-agent' => 'Mozilla/5.0 (Windows NT 10.0; Win64; x64; rv:60.0) Gecko/20100101 Firefox/60.0',
  'host' => 'local.shangcheng.com',
)
[ info ] [ PARAM ] array (
  '/home/goods/php_info' => '',
)
[ info ] [ DB ] INIT mysql
[ info ] [ RUN ] app\home\controller\Goods->php_info[ D:\www\shangcheng\application\home\controller\Goods.php ]
[ info ] [ LOG ] INIT File
[ sql ] [ DB ] CONNECT:[ UseTime:1.059439s ] mysql:host=localhost;port=3306;dbname=tpshop;charset=utf8
[ sql ] [ SQL ] SHOW COLUMNS FROM `tpshop_category` [ RunTime:0.061247s ]
[ sql ] [ SQL ] SELECT * FROM `tpshop_category` [ RunTime:0.004507s ]
[ error ] [2]Redis::connect(): [D:\www\shangcheng\thinkphp\library\think\cache\driver\Redis.php:53]
---------------------------------------------------------------
[ 2018-08-17T11:38:03+08:00 ] 127.0.0.1 GET /home/goods/php_info
[ info ] local.shangcheng.com/home/goods/php_info [运行时间：2.219646s][吞吐率：0.45req/s] [内存消耗：3,297.66kb] [文件加载：61]
[ info ] [ LANG ] D:\www\shangcheng\thinkphp\lang\zh-cn.php
[ info ] [ ROUTE ] array (
  'type' => 'module',
  'module' => 
  array (
    0 => 'home',
    1 => 'goods',
    2 => 'php_info',
  ),
)
[ info ] [ HEADER ] array (
  'cache-control' => 'no-cache',
  'pragma' => 'no-cache',
  'upgrade-insecure-requests' => '1',
  'connection' => 'close',
  'cookie' => 'PHPSESSID=4775f42fgahp1dflalg230fan5',
  'accept-encoding' => 'gzip, deflate',
  'accept-language' => 'zh-CN,zh;q=0.8,zh-TW;q=0.7,zh-HK;q=0.5,en-US;q=0.3,en;q=0.2',
  'accept' => 'text/html,application/xhtml+xml,application/xml;q=0.9,*/*;q=0.8',
  'user-agent' => 'Mozilla/5.0 (Windows NT 10.0; Win64; x64; rv:60.0) Gecko/20100101 Firefox/60.0',
  'host' => 'local.shangcheng.com',
)
[ info ] [ PARAM ] array (
  '/home/goods/php_info' => '',
)
[ info ] [ DB ] INIT mysql
[ info ] [ RUN ] app\home\controller\Goods->php_info[ D:\www\shangcheng\application\home\controller\Goods.php ]
[ info ] [ LOG ] INIT File
[ sql ] [ DB ] CONNECT:[ UseTime:1.019399s ] mysql:host=localhost;port=3306;dbname=tpshop;charset=utf8
[ sql ] [ SQL ] SHOW COLUMNS FROM `tpshop_category` [ RunTime:0.058636s ]
[ sql ] [ SQL ] SELECT * FROM `tpshop_category` [ RunTime:0.004465s ]
[ error ] [2]Redis::connect(): [D:\www\shangcheng\thinkphp\library\think\cache\driver\Redis.php:53]
---------------------------------------------------------------
[ 2018-08-17T11:38:40+08:00 ] 127.0.0.1 GET /home/goods/php_info
[ info ] local.shangcheng.com/home/goods/php_info [运行时间：2.213386s][吞吐率：0.45req/s] [内存消耗：3,297.82kb] [文件加载：61]
[ info ] [ LANG ] D:\www\shangcheng\thinkphp\lang\zh-cn.php
[ info ] [ ROUTE ] array (
  'type' => 'module',
  'module' => 
  array (
    0 => 'home',
    1 => 'goods',
    2 => 'php_info',
  ),
)
[ info ] [ HEADER ] array (
  'cache-control' => 'max-age=0',
  'upgrade-insecure-requests' => '1',
  'connection' => 'close',
  'cookie' => 'PHPSESSID=4775f42fgahp1dflalg230fan5',
  'accept-encoding' => 'gzip, deflate',
  'accept-language' => 'zh-CN,zh;q=0.8,zh-TW;q=0.7,zh-HK;q=0.5,en-US;q=0.3,en;q=0.2',
  'accept' => 'text/html,application/xhtml+xml,application/xml;q=0.9,*/*;q=0.8',
  'user-agent' => 'Mozilla/5.0 (Windows NT 10.0; Win64; x64; rv:60.0) Gecko/20100101 Firefox/60.0',
  'host' => 'local.shangcheng.com',
)
[ info ] [ PARAM ] array (
  '/home/goods/php_info' => '',
)
[ info ] [ DB ] INIT mysql
[ info ] [ RUN ] app\home\controller\Goods->php_info[ D:\www\shangcheng\application\home\controller\Goods.php ]
[ info ] [ LOG ] INIT File
[ sql ] [ DB ] CONNECT:[ UseTime:1.019907s ] mysql:host=localhost;port=3306;dbname=tpshop;charset=utf8
[ sql ] [ SQL ] SHOW COLUMNS FROM `tpshop_category` [ RunTime:0.066175s ]
[ sql ] [ SQL ] SELECT * FROM `tpshop_category` [ RunTime:0.003352s ]
[ error ] [2]Redis::connect(): [D:\www\shangcheng\thinkphp\library\think\cache\driver\Redis.php:53]
---------------------------------------------------------------
[ 2018-08-17T11:39:43+08:00 ] 127.0.0.1 GET /home/goods/php_info
[ info ] local.shangcheng.com/home/goods/php_info [运行时间：2.184682s][吞吐率：0.46req/s] [内存消耗：3,297.82kb] [文件加载：61]
[ info ] [ LANG ] D:\www\shangcheng\thinkphp\lang\zh-cn.php
[ info ] [ ROUTE ] array (
  'type' => 'module',
  'module' => 
  array (
    0 => 'home',
    1 => 'goods',
    2 => 'php_info',
  ),
)
[ info ] [ HEADER ] array (
  'cache-control' => 'max-age=0',
  'upgrade-insecure-requests' => '1',
  'connection' => 'close',
  'cookie' => 'PHPSESSID=4775f42fgahp1dflalg230fan5',
  'accept-encoding' => 'gzip, deflate',
  'accept-language' => 'zh-CN,zh;q=0.8,zh-TW;q=0.7,zh-HK;q=0.5,en-US;q=0.3,en;q=0.2',
  'accept' => 'text/html,application/xhtml+xml,application/xml;q=0.9,*/*;q=0.8',
  'user-agent' => 'Mozilla/5.0 (Windows NT 10.0; Win64; x64; rv:60.0) Gecko/20100101 Firefox/60.0',
  'host' => 'local.shangcheng.com',
)
[ info ] [ PARAM ] array (
  '/home/goods/php_info' => '',
)
[ info ] [ DB ] INIT mysql
[ info ] [ RUN ] app\home\controller\Goods->php_info[ D:\www\shangcheng\application\home\controller\Goods.php ]
[ info ] [ LOG ] INIT File
[ sql ] [ DB ] CONNECT:[ UseTime:1.018032s ] mysql:host=localhost;port=3306;dbname=tpshop;charset=utf8
[ sql ] [ SQL ] SHOW COLUMNS FROM `tpshop_category` [ RunTime:0.063065s ]
[ sql ] [ SQL ] SELECT * FROM `tpshop_category` [ RunTime:0.004457s ]
[ error ] [2]Redis::connect(): [D:\www\shangcheng\thinkphp\library\think\cache\driver\Redis.php:53]
---------------------------------------------------------------
[ 2018-08-17T11:44:11+08:00 ] 127.0.0.1 GET /home/goods/php_info
[ info ] local.shangcheng.com/home/goods/php_info [运行时间：1.099657s][吞吐率：0.91req/s] [内存消耗：3,266.47kb] [文件加载：59]
[ info ] [ LANG ] D:\www\shangcheng\thinkphp\lang\zh-cn.php
[ info ] [ ROUTE ] array (
  'type' => 'module',
  'module' => 
  array (
    0 => 'home',
    1 => 'goods',
    2 => 'php_info',
  ),
)
[ info ] [ HEADER ] array (
  'cache-control' => 'max-age=0',
  'upgrade-insecure-requests' => '1',
  'connection' => 'close',
  'cookie' => 'PHPSESSID=4775f42fgahp1dflalg230fan5',
  'accept-encoding' => 'gzip, deflate',
  'accept-language' => 'zh-CN,zh;q=0.8,zh-TW;q=0.7,zh-HK;q=0.5,en-US;q=0.3,en;q=0.2',
  'accept' => 'text/html,application/xhtml+xml,application/xml;q=0.9,*/*;q=0.8',
  'user-agent' => 'Mozilla/5.0 (Windows NT 10.0; Win64; x64; rv:60.0) Gecko/20100101 Firefox/60.0',
  'host' => 'local.shangcheng.com',
)
[ info ] [ PARAM ] array (
  '/home/goods/php_info' => '',
)
[ info ] [ DB ] INIT mysql
[ info ] [ RUN ] app\home\controller\Goods->php_info[ D:\www\shangcheng\application\home\controller\Goods.php ]
[ info ] [ LOG ] INIT File
[ sql ] [ DB ] CONNECT:[ UseTime:1.027506s ] mysql:host=localhost;port=3306;dbname=tpshop;charset=utf8
[ sql ] [ SQL ] SHOW COLUMNS FROM `tpshop_category` [ RunTime:0.019852s ]
[ sql ] [ SQL ] SELECT * FROM `tpshop_category` [ RunTime:0.001709s ]
[ error ] [8]未定义变量: redis[D:\www\shangcheng\application\home\controller\Goods.php:123]
---------------------------------------------------------------
[ 2018-08-17T11:44:25+08:00 ] 127.0.0.1 GET /home/goods/php_info
[ info ] local.shangcheng.com/home/goods/php_info [运行时间：2.165274s][吞吐率：0.46req/s] [内存消耗：3,298.01kb] [文件加载：61]
[ info ] [ LANG ] D:\www\shangcheng\thinkphp\lang\zh-cn.php
[ info ] [ ROUTE ] array (
  'type' => 'module',
  'module' => 
  array (
    0 => 'home',
    1 => 'goods',
    2 => 'php_info',
  ),
)
[ info ] [ HEADER ] array (
  'cache-control' => 'max-age=0',
  'upgrade-insecure-requests' => '1',
  'connection' => 'close',
  'cookie' => 'PHPSESSID=4775f42fgahp1dflalg230fan5',
  'accept-encoding' => 'gzip, deflate',
  'accept-language' => 'zh-CN,zh;q=0.8,zh-TW;q=0.7,zh-HK;q=0.5,en-US;q=0.3,en;q=0.2',
  'accept' => 'text/html,application/xhtml+xml,application/xml;q=0.9,*/*;q=0.8',
  'user-agent' => 'Mozilla/5.0 (Windows NT 10.0; Win64; x64; rv:60.0) Gecko/20100101 Firefox/60.0',
  'host' => 'local.shangcheng.com',
)
[ info ] [ PARAM ] array (
  '/home/goods/php_info' => '',
)
[ info ] [ DB ] INIT mysql
[ info ] [ RUN ] app\home\controller\Goods->php_info[ D:\www\shangcheng\application\home\controller\Goods.php ]
[ info ] [ LOG ] INIT File
[ sql ] [ DB ] CONNECT:[ UseTime:1.014496s ] mysql:host=localhost;port=3306;dbname=tpshop;charset=utf8
[ sql ] [ SQL ] SHOW COLUMNS FROM `tpshop_category` [ RunTime:0.042421s ]
[ sql ] [ SQL ] SELECT * FROM `tpshop_category` [ RunTime:0.003887s ]
[ error ] [2]Redis::connect(): [D:\www\shangcheng\thinkphp\library\think\cache\driver\Redis.php:53]
---------------------------------------------------------------
[ 2018-08-17T14:37:10+08:00 ] 127.0.0.1 GET /home/goods/php_info
[ info ] local.shangcheng.com/home/goods/php_info [运行时间：2.151470s][吞吐率：0.46req/s] [内存消耗：3,298.01kb] [文件加载：61]
[ info ] [ LANG ] D:\www\shangcheng\thinkphp\lang\zh-cn.php
[ info ] [ ROUTE ] array (
  'type' => 'module',
  'module' => 
  array (
    0 => 'home',
    1 => 'goods',
    2 => 'php_info',
  ),
)
[ info ] [ HEADER ] array (
  'cache-control' => 'max-age=0',
  'upgrade-insecure-requests' => '1',
  'connection' => 'close',
  'cookie' => 'PHPSESSID=4775f42fgahp1dflalg230fan5',
  'accept-encoding' => 'gzip, deflate',
  'accept-language' => 'zh-CN,zh;q=0.8,zh-TW;q=0.7,zh-HK;q=0.5,en-US;q=0.3,en;q=0.2',
  'accept' => 'text/html,application/xhtml+xml,application/xml;q=0.9,*/*;q=0.8',
  'user-agent' => 'Mozilla/5.0 (Windows NT 10.0; Win64; x64; rv:60.0) Gecko/20100101 Firefox/60.0',
  'host' => 'local.shangcheng.com',
)
[ info ] [ PARAM ] array (
  '/home/goods/php_info' => '',
)
[ info ] [ DB ] INIT mysql
[ info ] [ RUN ] app\home\controller\Goods->php_info[ D:\www\shangcheng\application\home\controller\Goods.php ]
[ info ] [ LOG ] INIT File
[ sql ] [ DB ] CONNECT:[ UseTime:1.036202s ] mysql:host=localhost;port=3306;dbname=tpshop;charset=utf8
[ sql ] [ SQL ] SHOW COLUMNS FROM `tpshop_category` [ RunTime:0.034749s ]
[ sql ] [ SQL ] SELECT * FROM `tpshop_category` [ RunTime:0.002049s ]
[ error ] [2]Redis::connect(): [D:\www\shangcheng\thinkphp\library\think\cache\driver\Redis.php:53]
---------------------------------------------------------------
[ 2018-08-17T14:37:48+08:00 ] 127.0.0.1 GET /home/goods/php_info
[ info ] local.shangcheng.com/home/goods/php_info [运行时间：2.147082s][吞吐率：0.47req/s] [内存消耗：3,298.01kb] [文件加载：61]
[ info ] [ LANG ] D:\www\shangcheng\thinkphp\lang\zh-cn.php
[ info ] [ ROUTE ] array (
  'type' => 'module',
  'module' => 
  array (
    0 => 'home',
    1 => 'goods',
    2 => 'php_info',
  ),
)
[ info ] [ HEADER ] array (
  'cache-control' => 'max-age=0',
  'upgrade-insecure-requests' => '1',
  'connection' => 'close',
  'cookie' => 'PHPSESSID=4775f42fgahp1dflalg230fan5',
  'accept-encoding' => 'gzip, deflate',
  'accept-language' => 'zh-CN,zh;q=0.8,zh-TW;q=0.7,zh-HK;q=0.5,en-US;q=0.3,en;q=0.2',
  'accept' => 'text/html,application/xhtml+xml,application/xml;q=0.9,*/*;q=0.8',
  'user-agent' => 'Mozilla/5.0 (Windows NT 10.0; Win64; x64; rv:60.0) Gecko/20100101 Firefox/60.0',
  'host' => 'local.shangcheng.com',
)
[ info ] [ PARAM ] array (
  '/home/goods/php_info' => '',
)
[ info ] [ DB ] INIT mysql
[ info ] [ RUN ] app\home\controller\Goods->php_info[ D:\www\shangcheng\application\home\controller\Goods.php ]
[ info ] [ LOG ] INIT File
[ sql ] [ DB ] CONNECT:[ UseTime:1.033181s ] mysql:host=localhost;port=3306;dbname=tpshop;charset=utf8
[ sql ] [ SQL ] SHOW COLUMNS FROM `tpshop_category` [ RunTime:0.017452s ]
[ sql ] [ SQL ] SELECT * FROM `tpshop_category` [ RunTime:0.001759s ]
[ error ] [2]Redis::connect(): [D:\www\shangcheng\thinkphp\library\think\cache\driver\Redis.php:53]
---------------------------------------------------------------
[ 2018-08-17T14:38:16+08:00 ] 127.0.0.1 GET /home/goods/php_info
[ info ] local.shangcheng.com/home/goods/php_info [运行时间：0.034063s][吞吐率：29.36req/s] [内存消耗：1,090.50kb] [文件加载：40]
[ info ] [ LANG ] D:\www\shangcheng\thinkphp\lang\zh-cn.php
[ info ] [ ROUTE ] array (
  'type' => 'module',
  'module' => 
  array (
    0 => 'home',
    1 => 'goods',
    2 => 'php_info',
  ),
)
[ info ] [ HEADER ] array (
  'cache-control' => 'max-age=0',
  'upgrade-insecure-requests' => '1',
  'connection' => 'close',
  'cookie' => 'PHPSESSID=4775f42fgahp1dflalg230fan5',
  'accept-encoding' => 'gzip, deflate',
  'accept-language' => 'zh-CN,zh;q=0.8,zh-TW;q=0.7,zh-HK;q=0.5,en-US;q=0.3,en;q=0.2',
  'accept' => 'text/html,application/xhtml+xml,application/xml;q=0.9,*/*;q=0.8',
  'user-agent' => 'Mozilla/5.0 (Windows NT 10.0; Win64; x64; rv:60.0) Gecko/20100101 Firefox/60.0',
  'host' => 'local.shangcheng.com',
)
[ info ] [ PARAM ] array (
  '/home/goods/php_info' => '',
)
[ info ] [ LOG ] INIT File
[ error ] [0]语法解析错误: syntax error, unexpected end of file, expecting function (T_FUNCTION)[D:\www\shangcheng\application\home\controller\Goods.php:128]
---------------------------------------------------------------
[ 2018-08-17T14:38:24+08:00 ] 127.0.0.1 GET /home/goods/php_info
[ info ] local.shangcheng.com/home/goods/php_info [运行时间：1.716488s][吞吐率：0.58req/s] [内存消耗：3,287.13kb] [文件加载：58]
[ info ] [ LANG ] D:\www\shangcheng\thinkphp\lang\zh-cn.php
[ info ] [ ROUTE ] array (
  'type' => 'module',
  'module' => 
  array (
    0 => 'home',
    1 => 'goods',
    2 => 'php_info',
  ),
)
[ info ] [ HEADER ] array (
  'cache-control' => 'max-age=0',
  'upgrade-insecure-requests' => '1',
  'connection' => 'close',
  'cookie' => 'PHPSESSID=4775f42fgahp1dflalg230fan5',
  'accept-encoding' => 'gzip, deflate',
  'accept-language' => 'zh-CN,zh;q=0.8,zh-TW;q=0.7,zh-HK;q=0.5,en-US;q=0.3,en;q=0.2',
  'accept' => 'text/html,application/xhtml+xml,application/xml;q=0.9,*/*;q=0.8',
  'user-agent' => 'Mozilla/5.0 (Windows NT 10.0; Win64; x64; rv:60.0) Gecko/20100101 Firefox/60.0',
  'host' => 'local.shangcheng.com',
)
[ info ] [ PARAM ] array (
  '/home/goods/php_info' => '',
)
[ info ] [ DB ] INIT mysql
[ info ] [ RUN ] app\home\controller\Goods->php_info[ D:\www\shangcheng\application\home\controller\Goods.php ]
[ info ] [ CACHE ] INIT redis
[ info ] [ LOG ] INIT File
[ sql ] [ DB ] CONNECT:[ UseTime:1.021297s ] mysql:host=localhost;port=3306;dbname=tpshop;charset=utf8
[ sql ] [ SQL ] SHOW COLUMNS FROM `tpshop_category` [ RunTime:0.053728s ]
[ sql ] [ SQL ] SELECT * FROM `tpshop_category` [ RunTime:0.004423s ]
---------------------------------------------------------------
[ 2018-08-17T14:39:08+08:00 ] 127.0.0.1 GET /home/goods/php_info
[ info ] local.shangcheng.com/home/goods/php_info [运行时间：1.998582s][吞吐率：0.50req/s] [内存消耗：3,287.13kb] [文件加载：58]
[ info ] [ LANG ] D:\www\shangcheng\thinkphp\lang\zh-cn.php
[ info ] [ ROUTE ] array (
  'type' => 'module',
  'module' => 
  array (
    0 => 'home',
    1 => 'goods',
    2 => 'php_info',
  ),
)
[ info ] [ HEADER ] array (
  'cache-control' => 'max-age=0',
  'upgrade-insecure-requests' => '1',
  'connection' => 'close',
  'cookie' => 'PHPSESSID=4775f42fgahp1dflalg230fan5',
  'accept-encoding' => 'gzip, deflate',
  'accept-language' => 'zh-CN,zh;q=0.8,zh-TW;q=0.7,zh-HK;q=0.5,en-US;q=0.3,en;q=0.2',
  'accept' => 'text/html,application/xhtml+xml,application/xml;q=0.9,*/*;q=0.8',
  'user-agent' => 'Mozilla/5.0 (Windows NT 10.0; Win64; x64; rv:60.0) Gecko/20100101 Firefox/60.0',
  'host' => 'local.shangcheng.com',
)
[ info ] [ PARAM ] array (
  '/home/goods/php_info' => '',
)
[ info ] [ DB ] INIT mysql
[ info ] [ RUN ] app\home\controller\Goods->php_info[ D:\www\shangcheng\application\home\controller\Goods.php ]
[ info ] [ CACHE ] INIT redis
[ info ] [ LOG ] INIT File
[ sql ] [ DB ] CONNECT:[ UseTime:1.008441s ] mysql:host=localhost;port=3306;dbname=tpshop;charset=utf8
[ sql ] [ SQL ] SHOW COLUMNS FROM `tpshop_category` [ RunTime:0.016607s ]
[ sql ] [ SQL ] SELECT * FROM `tpshop_category` [ RunTime:0.001460s ]
